[
  {
    "level": "INFO",
    "message": "android.ndkVersion from module build.gradle is 21.2.6472646"
  },
  {
    "level": "INFO",
    "message": "ndk.dir in local.properties is C:\\Users\\chels\\AppData\\Local\\Android\\Sdk\\ndk\\21.3.6528147"
  },
  {
    "level": "INFO",
    "message": "ANDROID_NDK_HOME environment variable is not set"
  },
  {
    "level": "INFO",
    "message": "sdkFolder is C:\\Users\\chels\\AppData\\Local\\Android\\Sdk"
  },
  {
    "level": "INFO",
    "message": "Considering C:\\Users\\chels\\AppData\\Local\\Android\\Sdk\\ndk\\21.3.6528147 by ndk.dir"
  },
  {
    "level": "INFO",
    "message": "Considering C:\\Users\\chels\\AppData\\Local\\Android\\Sdk\\ndk-bundle in SDK ndk-bundle folder"
  },
  {
    "level": "INFO",
    "message": "Considering C:\\Users\\chels\\AppData\\Local\\Android\\Sdk\\ndk\\21.2.6472646 in SDK ndk folder"
  },
  {
    "level": "INFO",
    "message": "Considering C:\\Users\\chels\\AppData\\Local\\Android\\Sdk\\ndk\\21.3.6528147 in SDK ndk folder"
  },
  {
    "level": "ERROR",
    "message": "Requested NDK version 21.2.6472646 did not match the version 21.3.6528147 requested by ndk.dir at C:\\Users\\chels\\AppData\\Local\\Android\\Sdk\\ndk\\21.3.6528147"
  }
]