[
  {
    "level": "INFO",
    "message": "android.ndkVersion from module build.gradle is 21.2.6472646"
  },
  {
    "level": "INFO",
    "message": "ndk.dir in local.properties is not set"
  },
  {
    "level": "INFO",
    "message": "ANDROID_NDK_HOME environment variable is not set"
  },
  {
    "level": "INFO",
    "message": "sdkFolder is C:\\Users\\chels\\AppData\\Local\\Android\\Sdk"
  },
  {
    "level": "INFO",
    "message": "NDK side-by-side folder from sdkFolder C:\\Users\\chels\\AppData\\Local\\Android\\Sdk\\ndk does not exist"
  },
  {
    "level": "INFO",
    "message": "Considering C:\\Users\\chels\\AppData\\Local\\Android\\Sdk\\ndk-bundle in SDK ndk-bundle folder"
  },
  {
    "level": "INFO",
    "message": "Rejected C:\\Users\\chels\\AppData\\Local\\Android\\Sdk\\ndk-bundle in SDK ndk-bundle folder because that NDK had version 21.3.6528147 which didn\u0027t match the requested version 21.2.6472646"
  },
  {
    "level": "ERROR",
    "message": "No version of NDK matched the requested version 21.2.6472646. Versions available locally: 21.3.6528147"
  }
]